<?xml version="1.0" encoding="UTF-8"?>
<!-- Generated by org.testng.reporters.JUnitReportReporter -->
<testsuite hostname="SUDHIR-PC" failures="0" tests="1" name="Guru99BankPageObjectModel.GuruDiffTypeLoginTest" time="164.873" errors="0" timestamp="2022-06-19T21:01:56 IST" skipped="0">
  <testcase classname="Guru99BankPageObjectModel.GuruDiffTypeLoginTest" name="logindifftypes" time="164.873"/>
  <system-out/>
</testsuite> <!-- Guru99BankPageObjectModel.GuruDiffTypeLoginTest -->
