<?xml version="1.0" encoding="UTF-8"?>
<!-- Generated by org.testng.reporters.JUnitReportReporter -->
<testsuite hostname="SUDHIR-PC" failures="0" tests="1" name="a.A" time="0.016" errors="0" timestamp="2022-06-09T22:52:15 IST" skipped="0">
  <testcase classname="a.A" name="b" time="0.016"/>
  <system-out/>
</testsuite> <!-- a.A -->
