<?xml version="1.0" encoding="UTF-8"?>
<!-- Generated by org.testng.reporters.JUnitReportReporter -->
<testsuite hostname="SUDHIR-PC" failures="0" tests="1" name="facebookPageObjectModel.LoginTest" time="19.918" errors="0" timestamp="2022-06-18T18:51:26 IST" skipped="0">
  <testcase classname="facebookPageObjectModel.LoginTest" name="logintest" time="19.918"/>
  <system-out/>
</testsuite> <!-- facebookPageObjectModel.LoginTest -->
