<?xml version="1.0" encoding="UTF-8"?>
<!-- Generated by org.testng.reporters.JUnitReportReporter -->
<testsuite hostname="SUDHIR-PC" failures="0" tests="1" name="a.FaceExtent" time="41.560" errors="0" timestamp="2022-06-16T09:27:47 IST" skipped="0">
  <testcase classname="a.FaceExtent" name="Login" time="41.560"/>
  <system-out/>
</testsuite> <!-- a.FaceExtent -->
