<?xml version="1.0" encoding="UTF-8"?>
<!-- Generated by org.testng.reporters.JUnitReportReporter -->
<testsuite hostname="SUDHIR-PC" failures="0" tests="1" name="guruextentreport.InvalidUserIdInvalidPassword" time="64.320" errors="0" timestamp="2022-06-17T09:40:13 IST" skipped="0">
  <testcase classname="guruextentreport.InvalidUserIdInvalidPassword" name="InvuidInvpass" time="64.320"/>
  <system-out/>
</testsuite> <!-- guruextentreport.InvalidUserIdInvalidPassword -->
