<?xml version="1.0" encoding="UTF-8"?>
<!-- Generated by org.testng.reporters.JUnitReportReporter -->
<testsuite hostname="SUDHIR-PC" failures="0" tests="1" name="guruextentreport.InvalidUserIdValidPassword" time="65.203" errors="0" timestamp="2022-06-17T09:40:13 IST" skipped="0">
  <testcase classname="guruextentreport.InvalidUserIdValidPassword" name="InvUisValPass" time="65.203"/>
  <system-out/>
</testsuite> <!-- guruextentreport.InvalidUserIdValidPassword -->
