<?xml version="1.0" encoding="UTF-8"?>
<!-- Generated by org.testng.reporters.JUnitReportReporter -->
<testsuite hostname="SUDHIR-PC" failures="0" tests="1" name="a.Annotation" time="0.012" errors="0" timestamp="2022-06-10T23:42:52 IST" skipped="0">
  <testcase classname="a.Annotation" name="b" time="0.012"/>
  <system-out/>
</testsuite> <!-- a.Annotation -->
